<?xml version="1.0" encoding="UTF-8"?>
<!-- Generated by org.testng.reporters.JUnitReportReporter -->
<testsuite hostname="MSI" failures="0" tests="1" name="org.Testcase.Requirement" time="20.709" errors="0" timestamp="2024-11-28T22:03:29 IST" skipped="0">
  <testcase classname="org.Testcase.Requirement" name="req" time="20.709"/>
</testsuite> <!-- org.Testcase.Requirement -->
